<?xml version="1.0" encoding="UTF-8"?>
<testsuite xmlns:xsi="http://www.w3.org/2001/XMLSchema-instance" xsi:noNamespaceSchemaLocation="https://maven.apache.org/surefire/maven-surefire-plugin/xsd/surefire-test-report.xsd" version="3.0.2" name="TestSuite" time="18.451" tests="2" errors="0" skipped="0" failures="0">
  <properties>
[...]
</properties>
  <testcase name="verify_account_registration" classname="testCases.TC001_AccountRegistrationTest" time="2.714">
    <system-out><![CDATA[2025-04-17T06:38:25.668737400Z main INFO Starting configuration XmlConfiguration[location=D:\Opencart\OpencartV121\target\test-classes\log4j2.xml, lastModified=2025-04-16T18:30:26.838Z]...
2025-04-17T06:38:25.673430600Z main INFO Start watching for changes to D:\Opencart\OpencartV121\target\test-classes\log4j2.xml every 0 seconds
2025-04-17T06:38:25.673430600Z main INFO Configuration XmlConfiguration[location=D:\Opencart\OpencartV121\target\test-classes\log4j2.xml, lastModified=2025-04-16T18:30:26.838Z] started.
2025-04-17T06:38:25.674731200Z main INFO Stopping configuration org.apache.logging.log4j.core.config.DefaultConfiguration@3e92efc3...
2025-04-17T06:38:25.674731200Z main INFO Configuration org.apache.logging.log4j.core.config.DefaultConfiguration@3e92efc3 stopped.
]]></system-out>
    <system-err><![CDATA[Apr 17, 2025 12:08:32 PM org.openqa.selenium.devtools.CdpVersionFinder findNearestMatch
WARNING: Unable to find CDP implementation matching 135
Apr 17, 2025 12:08:32 PM org.openqa.selenium.chromium.ChromiumDriver lambda$new$5
WARNING: Unable to find version of CDP to use for 135.0.7049.85. You may need to include a dependency on a specific version of the CDP using something similar to `org.seleniumhq.selenium:selenium-devtools-v86:4.23.1` where the version ("v86") matches the version of the chromium-based browser you're using and the version number of the artifact is the same as Selenium's.
]]></system-err>
  </testcase>
  <testcase name="verify_login" classname="testCases.TC002_LoginTest" time="1.802">
    <system-err><![CDATA[Apr 17, 2025 12:08:38 PM org.openqa.selenium.devtools.CdpVersionFinder findNearestMatch
WARNING: Unable to find CDP implementation matching 135
Apr 17, 2025 12:08:38 PM org.openqa.selenium.chromium.ChromiumDriver lambda$new$5
WARNING: Unable to find version of CDP to use for 135.0.7049.85. You may need to include a dependency on a specific version of the CDP using something similar to `org.seleniumhq.selenium:selenium-devtools-v86:4.23.1` where the version ("v86") matches the version of the chromium-based browser you're using and the version number of the artifact is the same as Selenium's.
]]></system-err>
  </testcase>
</testsuite>