<?xml version="1.0" encoding="UTF-8"?>
<testng-results ignored="0" total="1" passed="1" failed="0" skipped="0">
  <reporter-output>
  </reporter-output>
  <suite started-at="2025-04-17T15:58:43 IST" name="Failed suite [Master Suite]" finished-at="2025-04-17T15:58:51 IST" duration-ms="7647">
    <groups>
      <group name="Master">
        <method signature="TC002_LoginTest.verify_login()[pri:0, instance:testCases.TC002_LoginTest@6e4566f1]" name="verify_login" class="testCases.TC002_LoginTest"/>
      </group> <!-- Master -->
      <group name="Sanity">
        <method signature="TC002_LoginTest.verify_login()[pri:0, instance:testCases.TC002_LoginTest@6e4566f1]" name="verify_login" class="testCases.TC002_LoginTest"/>
      </group> <!-- Sanity -->
    </groups>
    <test started-at="2025-04-17T15:58:43 IST" name="Test(failed)" finished-at="2025-04-17T15:58:51 IST" duration-ms="7647">
      <class name="testCases.TC002_LoginTest">
        <test-method is-config="true" signature="setup(java.lang.String,java.lang.String)[pri:0, instance:testCases.TC002_LoginTest@6e4566f1]" started-at="2025-04-17T15:58:44 IST" name="setup" finished-at="2025-04-17T15:58:49 IST" duration-ms="4842" status="PASS">
          <params>
            <param index="0">
              <value>
                <![CDATA[Windows]]>
              </value>
            </param>
            <param index="1">
              <value>
                <![CDATA[chrome]]>
              </value>
            </param>
          </params>
          <reporter-output>
          </reporter-output>
        </test-method> <!-- setup -->
        <test-method signature="verify_login()[pri:0, instance:testCases.TC002_LoginTest@6e4566f1]" started-at="2025-04-17T15:58:49 IST" name="verify_login" finished-at="2025-04-17T15:58:51 IST" duration-ms="2061" status="PASS">
          <reporter-output>
          </reporter-output>
        </test-method> <!-- verify_login -->
        <test-method is-config="true" signature="tearDown()[pri:0, instance:testCases.TC002_LoginTest@6e4566f1]" started-at="2025-04-17T15:58:51 IST" name="tearDown" finished-at="2025-04-17T15:58:51 IST" duration-ms="371" status="PASS">
          <reporter-output>
          </reporter-output>
        </test-method> <!-- tearDown -->
      </class> <!-- testCases.TC002_LoginTest -->
    </test> <!-- Test(failed) -->
  </suite> <!-- Failed suite [Master Suite] -->
</testng-results>
